[2024-05-23T14:29:16.313+0000] {local_task_job_runner.py:120} INFO - ::group::Pre task execution logs
[2024-05-23T14:29:16.373+0000] {taskinstance.py:2076} INFO - Dependencies all met for dep_context=non-requeueable deps ti=<TaskInstance: etl_reddit_pipeline.reddit_extraction manual__2024-05-23T14:29:12.799996+00:00 [queued]>
[2024-05-23T14:29:16.389+0000] {taskinstance.py:2076} INFO - Dependencies all met for dep_context=requeueable deps ti=<TaskInstance: etl_reddit_pipeline.reddit_extraction manual__2024-05-23T14:29:12.799996+00:00 [queued]>
[2024-05-23T14:29:16.390+0000] {taskinstance.py:2306} INFO - Starting attempt 1 of 1
[2024-05-23T14:29:16.417+0000] {taskinstance.py:2330} INFO - Executing <Task(PythonOperator): reddit_extraction> on 2024-05-23 14:29:12.799996+00:00
[2024-05-23T14:29:16.429+0000] {standard_task_runner.py:63} INFO - Started process 48 to run task
[2024-05-23T14:29:16.439+0000] {standard_task_runner.py:90} INFO - Running: ['airflow', 'tasks', 'run', 'etl_reddit_pipeline', 'reddit_extraction', 'manual__2024-05-23T14:29:12.799996+00:00', '--job-id', '2', '--raw', '--subdir', 'DAGS_FOLDER/reddit_dag.py', '--cfg-path', '/tmp/tmp01db0vgq']
[2024-05-23T14:29:16.443+0000] {standard_task_runner.py:91} INFO - Job 2: Subtask reddit_extraction
[2024-05-23T14:29:16.525+0000] {task_command.py:426} INFO - Running <TaskInstance: etl_reddit_pipeline.reddit_extraction manual__2024-05-23T14:29:12.799996+00:00 [running]> on host f174faf60ef4
[2024-05-23T14:29:16.663+0000] {taskinstance.py:2648} INFO - Exporting env vars: AIRFLOW_CTX_DAG_OWNER='OlivierAssiene' AIRFLOW_CTX_DAG_ID='etl_reddit_pipeline' AIRFLOW_CTX_TASK_ID='reddit_extraction' AIRFLOW_CTX_EXECUTION_DATE='2024-05-23T14:29:12.799996+00:00' AIRFLOW_CTX_TRY_NUMBER='1' AIRFLOW_CTX_DAG_RUN_ID='manual__2024-05-23T14:29:12.799996+00:00'
[2024-05-23T14:29:16.664+0000] {taskinstance.py:430} INFO - ::endgroup::
[2024-05-23T14:29:16.704+0000] {logging_mixin.py:188} INFO - Required configuration setting 'client_secret' missing. 
This setting can be provided in a praw.ini file, as a keyword argument to the Reddit class constructor, or as an environment variable.
For installed applications this value must be set to None via a keyword argument to the Reddit class constructor.
[2024-05-23T14:29:16.704+0000] {taskinstance.py:441} INFO - ::group::Post task execution logs
[2024-05-23T14:29:16.705+0000] {taskinstance.py:2907} ERROR - Task failed due to SystemExit(1)
[2024-05-23T14:29:16.713+0000] {taskinstance.py:1206} INFO - Marking task as FAILED. dag_id=etl_reddit_pipeline, task_id=reddit_extraction, run_id=manual__2024-05-23T14:29:12.799996+00:00, execution_date=20240523T142912, start_date=20240523T142916, end_date=20240523T142916
[2024-05-23T14:29:16.730+0000] {standard_task_runner.py:110} ERROR - Failed to execute job 2 for task reddit_extraction (Task failed due to SystemExit(1); 48)
[2024-05-23T14:29:16.776+0000] {local_task_job_runner.py:240} INFO - Task exited with return code 1
[2024-05-23T14:29:16.796+0000] {taskinstance.py:3498} INFO - 0 downstream tasks scheduled from follow-on schedule check
[2024-05-23T14:29:16.797+0000] {local_task_job_runner.py:222} INFO - ::endgroup::
