[2024-05-24T13:46:17.002+0000] {local_task_job_runner.py:120} INFO - ::group::Pre task execution logs
[2024-05-24T13:46:17.019+0000] {taskinstance.py:2076} INFO - Dependencies all met for dep_context=non-requeueable deps ti=<TaskInstance: etl_reddit_pipeline.reddit_extraction manual__2024-05-24T13:46:15.705531+00:00 [queued]>
[2024-05-24T13:46:17.026+0000] {taskinstance.py:2076} INFO - Dependencies all met for dep_context=requeueable deps ti=<TaskInstance: etl_reddit_pipeline.reddit_extraction manual__2024-05-24T13:46:15.705531+00:00 [queued]>
[2024-05-24T13:46:17.026+0000] {taskinstance.py:2306} INFO - Starting attempt 1 of 1
[2024-05-24T13:46:17.039+0000] {taskinstance.py:2330} INFO - Executing <Task(PythonOperator): reddit_extraction> on 2024-05-24 13:46:15.705531+00:00
[2024-05-24T13:46:17.043+0000] {standard_task_runner.py:63} INFO - Started process 69 to run task
[2024-05-24T13:46:17.047+0000] {standard_task_runner.py:90} INFO - Running: ['airflow', 'tasks', 'run', 'etl_reddit_pipeline', 'reddit_extraction', 'manual__2024-05-24T13:46:15.705531+00:00', '--job-id', '29', '--raw', '--subdir', 'DAGS_FOLDER/reddit_dag.py', '--cfg-path', '/tmp/tmp_ikn51q2']
[2024-05-24T13:46:17.049+0000] {standard_task_runner.py:91} INFO - Job 29: Subtask reddit_extraction
[2024-05-24T13:46:17.091+0000] {task_command.py:426} INFO - Running <TaskInstance: etl_reddit_pipeline.reddit_extraction manual__2024-05-24T13:46:15.705531+00:00 [running]> on host 8ab8618f57f2
[2024-05-24T13:46:17.165+0000] {taskinstance.py:2648} INFO - Exporting env vars: AIRFLOW_CTX_DAG_OWNER='OlivierAssiene' AIRFLOW_CTX_DAG_ID='etl_reddit_pipeline' AIRFLOW_CTX_TASK_ID='reddit_extraction' AIRFLOW_CTX_EXECUTION_DATE='2024-05-24T13:46:15.705531+00:00' AIRFLOW_CTX_TRY_NUMBER='1' AIRFLOW_CTX_DAG_RUN_ID='manual__2024-05-24T13:46:15.705531+00:00'
[2024-05-24T13:46:17.166+0000] {taskinstance.py:430} INFO - ::endgroup::
[2024-05-24T13:46:17.177+0000] {logging_mixin.py:188} INFO - Connected successfully to Reddit!
[2024-05-24T13:46:18.081+0000] {logging_mixin.py:188} INFO -          id  ... stickied
0   1cyz8gm  ...    False
1   1cywpgw  ...    False
2   1cz3m7f  ...    False
3   1czb6cb  ...    False
4   1czb0m6  ...    False
5   1cz63dv  ...    False
6   1czgfh9  ...    False
7   1cyvj2g  ...    False
8   1czbui1  ...    False
9   1cyytik  ...    False
10  1czh5nd  ...    False
11  1czh51d  ...    False
12  1czf0b6  ...    False
13  1cyyf6y  ...    False
14  1cyvi3o  ...    False
15  1czfxxa  ...    False
16  1cz1rqr  ...    False
17  1czj0rj  ...    False
18  1czbq04  ...    False
19  1cz7881  ...    False
20  1cz17jx  ...    False
21  1cyzpn3  ...    False
22  1cywy80  ...    False
23  1czk3ql  ...    False
24  1czjf2p  ...    False
25  1cyz0ka  ...    False
26  1cyyibo  ...    False
27  1cyvevv  ...    False
28  1cyty73  ...    False
29  1czibh3  ...    False
30  1cyz74m  ...    False

[31 rows x 13 columns]
[2024-05-24T13:46:18.085+0000] {python.py:237} INFO - Done. Returned value was: None
[2024-05-24T13:46:18.086+0000] {taskinstance.py:441} INFO - ::group::Post task execution logs
[2024-05-24T13:46:18.093+0000] {taskinstance.py:1206} INFO - Marking task as SUCCESS. dag_id=etl_reddit_pipeline, task_id=reddit_extraction, run_id=manual__2024-05-24T13:46:15.705531+00:00, execution_date=20240524T134615, start_date=20240524T134617, end_date=20240524T134618
[2024-05-24T13:46:18.146+0000] {local_task_job_runner.py:240} INFO - Task exited with return code 0
[2024-05-24T13:46:18.163+0000] {taskinstance.py:3498} INFO - 1 downstream tasks scheduled from follow-on schedule check
[2024-05-24T13:46:18.167+0000] {local_task_job_runner.py:222} INFO - ::endgroup::
