[2024-05-23T14:42:29.325+0000] {local_task_job_runner.py:120} INFO - ::group::Pre task execution logs
[2024-05-23T14:42:29.356+0000] {taskinstance.py:2076} INFO - Dependencies all met for dep_context=non-requeueable deps ti=<TaskInstance: etl_reddit_pipeline.reddit_extraction manual__2024-05-23T14:42:27.638472+00:00 [queued]>
[2024-05-23T14:42:29.371+0000] {taskinstance.py:2076} INFO - Dependencies all met for dep_context=requeueable deps ti=<TaskInstance: etl_reddit_pipeline.reddit_extraction manual__2024-05-23T14:42:27.638472+00:00 [queued]>
[2024-05-23T14:42:29.371+0000] {taskinstance.py:2306} INFO - Starting attempt 1 of 1
[2024-05-23T14:42:29.390+0000] {taskinstance.py:2330} INFO - Executing <Task(PythonOperator): reddit_extraction> on 2024-05-23 14:42:27.638472+00:00
[2024-05-23T14:42:29.403+0000] {standard_task_runner.py:63} INFO - Started process 52 to run task
[2024-05-23T14:42:29.409+0000] {standard_task_runner.py:90} INFO - Running: ['airflow', 'tasks', 'run', 'etl_reddit_pipeline', 'reddit_extraction', 'manual__2024-05-23T14:42:27.638472+00:00', '--job-id', '4', '--raw', '--subdir', 'DAGS_FOLDER/reddit_dag.py', '--cfg-path', '/tmp/tmpktlqw1gg']
[2024-05-23T14:42:29.412+0000] {standard_task_runner.py:91} INFO - Job 4: Subtask reddit_extraction
[2024-05-23T14:42:29.469+0000] {task_command.py:426} INFO - Running <TaskInstance: etl_reddit_pipeline.reddit_extraction manual__2024-05-23T14:42:27.638472+00:00 [running]> on host f174faf60ef4
[2024-05-23T14:42:29.570+0000] {taskinstance.py:2648} INFO - Exporting env vars: AIRFLOW_CTX_DAG_OWNER='OlivierAssiene' AIRFLOW_CTX_DAG_ID='etl_reddit_pipeline' AIRFLOW_CTX_TASK_ID='reddit_extraction' AIRFLOW_CTX_EXECUTION_DATE='2024-05-23T14:42:27.638472+00:00' AIRFLOW_CTX_TRY_NUMBER='1' AIRFLOW_CTX_DAG_RUN_ID='manual__2024-05-23T14:42:27.638472+00:00'
[2024-05-23T14:42:29.571+0000] {taskinstance.py:430} INFO - ::endgroup::
[2024-05-23T14:42:29.589+0000] {logging_mixin.py:188} INFO - Required configuration setting 'client_secret' missing. 
This setting can be provided in a praw.ini file, as a keyword argument to the Reddit class constructor, or as an environment variable.
For installed applications this value must be set to None via a keyword argument to the Reddit class constructor.
[2024-05-23T14:42:29.590+0000] {taskinstance.py:441} INFO - ::group::Post task execution logs
[2024-05-23T14:42:29.590+0000] {taskinstance.py:2907} ERROR - Task failed due to SystemExit(1)
[2024-05-23T14:42:29.599+0000] {taskinstance.py:1206} INFO - Marking task as FAILED. dag_id=etl_reddit_pipeline, task_id=reddit_extraction, run_id=manual__2024-05-23T14:42:27.638472+00:00, execution_date=20240523T144227, start_date=20240523T144229, end_date=20240523T144229
[2024-05-23T14:42:29.613+0000] {standard_task_runner.py:110} ERROR - Failed to execute job 4 for task reddit_extraction (Task failed due to SystemExit(1); 52)
[2024-05-23T14:42:29.659+0000] {local_task_job_runner.py:240} INFO - Task exited with return code 1
[2024-05-23T14:42:29.695+0000] {taskinstance.py:3498} INFO - 0 downstream tasks scheduled from follow-on schedule check
[2024-05-23T14:42:29.700+0000] {local_task_job_runner.py:222} INFO - ::endgroup::
