[2024-05-22T00:36:48.345+0000] {processor.py:161} INFO - Started process (PID=196) to work on /opt/airflow/dags/reddit_dag.py
[2024-05-22T00:36:48.356+0000] {processor.py:830} INFO - Processing file /opt/airflow/dags/reddit_dag.py for tasks to queue
[2024-05-22T00:36:48.358+0000] {logging_mixin.py:188} INFO - [2024-05-22T00:36:48.357+0000] {dagbag.py:545} INFO - Filling up the DagBag from /opt/airflow/dags/reddit_dag.py
[2024-05-22T00:36:48.432+0000] {logging_mixin.py:188} INFO - [2024-05-22T00:36:48.430+0000] {dagbag.py:355} ERROR - Failed to import: /opt/airflow/dags/reddit_dag.py
Traceback (most recent call last):
  File "/home/airflow/.local/lib/python3.10/site-packages/airflow/models/dagbag.py", line 351, in parse
    loader.exec_module(new_module)
  File "<frozen importlib._bootstrap_external>", line 883, in exec_module
  File "<frozen importlib._bootstrap>", line 241, in _call_with_frames_removed
  File "/opt/airflow/dags/reddit_dag.py", line 29, in <module>
    python_callable=reddit_pipeline,
NameError: name 'reddit_pipeline' is not defined
[2024-05-22T00:36:48.433+0000] {processor.py:842} WARNING - No viable dags retrieved from /opt/airflow/dags/reddit_dag.py
[2024-05-22T00:36:48.565+0000] {processor.py:183} INFO - Processing /opt/airflow/dags/reddit_dag.py took 0.285 seconds
[2024-05-22T12:37:21.034+0000] {processor.py:161} INFO - Started process (PID=197) to work on /opt/airflow/dags/reddit_dag.py
[2024-05-22T12:37:21.036+0000] {processor.py:830} INFO - Processing file /opt/airflow/dags/reddit_dag.py for tasks to queue
[2024-05-22T12:37:21.038+0000] {logging_mixin.py:188} INFO - [2024-05-22T12:37:21.037+0000] {dagbag.py:545} INFO - Filling up the DagBag from /opt/airflow/dags/reddit_dag.py
[2024-05-22T12:37:21.099+0000] {logging_mixin.py:188} INFO - [2024-05-22T12:37:21.098+0000] {dagbag.py:355} ERROR - Failed to import: /opt/airflow/dags/reddit_dag.py
Traceback (most recent call last):
  File "/home/airflow/.local/lib/python3.10/site-packages/airflow/models/dagbag.py", line 351, in parse
    loader.exec_module(new_module)
  File "<frozen importlib._bootstrap_external>", line 883, in exec_module
  File "<frozen importlib._bootstrap>", line 241, in _call_with_frames_removed
  File "/opt/airflow/dags/reddit_dag.py", line 29, in <module>
    python_callable=reddit_pipeline,
NameError: name 'reddit_pipeline' is not defined
[2024-05-22T12:37:21.100+0000] {processor.py:842} WARNING - No viable dags retrieved from /opt/airflow/dags/reddit_dag.py
[2024-05-22T12:37:21.181+0000] {processor.py:183} INFO - Processing /opt/airflow/dags/reddit_dag.py took 0.180 seconds
[2024-05-22T12:39:15.073+0000] {processor.py:161} INFO - Started process (PID=198) to work on /opt/airflow/dags/reddit_dag.py
[2024-05-22T12:39:15.076+0000] {processor.py:830} INFO - Processing file /opt/airflow/dags/reddit_dag.py for tasks to queue
[2024-05-22T12:39:15.078+0000] {logging_mixin.py:188} INFO - [2024-05-22T12:39:15.077+0000] {dagbag.py:545} INFO - Filling up the DagBag from /opt/airflow/dags/reddit_dag.py
[2024-05-22T12:39:15.127+0000] {logging_mixin.py:188} INFO - [2024-05-22T12:39:15.125+0000] {dagbag.py:355} ERROR - Failed to import: /opt/airflow/dags/reddit_dag.py
Traceback (most recent call last):
  File "/home/airflow/.local/lib/python3.10/site-packages/airflow/models/dagbag.py", line 351, in parse
    loader.exec_module(new_module)
  File "<frozen importlib._bootstrap_external>", line 883, in exec_module
  File "<frozen importlib._bootstrap>", line 241, in _call_with_frames_removed
  File "/opt/airflow/dags/reddit_dag.py", line 29, in <module>
    python_callable=reddit_pipeline,
NameError: name 'reddit_pipeline' is not defined
[2024-05-22T12:39:15.127+0000] {processor.py:842} WARNING - No viable dags retrieved from /opt/airflow/dags/reddit_dag.py
[2024-05-22T12:39:15.212+0000] {processor.py:183} INFO - Processing /opt/airflow/dags/reddit_dag.py took 0.221 seconds
[2024-05-22T12:39:45.434+0000] {processor.py:161} INFO - Started process (PID=199) to work on /opt/airflow/dags/reddit_dag.py
[2024-05-22T12:39:45.436+0000] {processor.py:830} INFO - Processing file /opt/airflow/dags/reddit_dag.py for tasks to queue
[2024-05-22T12:39:45.448+0000] {logging_mixin.py:188} INFO - [2024-05-22T12:39:45.447+0000] {dagbag.py:545} INFO - Filling up the DagBag from /opt/airflow/dags/reddit_dag.py
[2024-05-22T12:39:45.521+0000] {logging_mixin.py:188} INFO - [2024-05-22T12:39:45.511+0000] {dagbag.py:355} ERROR - Failed to import: /opt/airflow/dags/reddit_dag.py
Traceback (most recent call last):
  File "/home/airflow/.local/lib/python3.10/site-packages/airflow/models/dagbag.py", line 351, in parse
    loader.exec_module(new_module)
  File "<frozen importlib._bootstrap_external>", line 883, in exec_module
  File "<frozen importlib._bootstrap>", line 241, in _call_with_frames_removed
  File "/opt/airflow/dags/reddit_dag.py", line 29, in <module>
    python_callable=reddit_pipeline,
NameError: name 'reddit_pipeline' is not defined
[2024-05-22T12:39:45.524+0000] {processor.py:842} WARNING - No viable dags retrieved from /opt/airflow/dags/reddit_dag.py
[2024-05-22T12:39:45.577+0000] {processor.py:183} INFO - Processing /opt/airflow/dags/reddit_dag.py took 0.178 seconds
[2024-05-22T12:40:15.717+0000] {processor.py:161} INFO - Started process (PID=200) to work on /opt/airflow/dags/reddit_dag.py
[2024-05-22T12:40:15.719+0000] {processor.py:830} INFO - Processing file /opt/airflow/dags/reddit_dag.py for tasks to queue
[2024-05-22T12:40:15.721+0000] {logging_mixin.py:188} INFO - [2024-05-22T12:40:15.721+0000] {dagbag.py:545} INFO - Filling up the DagBag from /opt/airflow/dags/reddit_dag.py
[2024-05-22T12:40:15.792+0000] {logging_mixin.py:188} INFO - [2024-05-22T12:40:15.783+0000] {dagbag.py:355} ERROR - Failed to import: /opt/airflow/dags/reddit_dag.py
Traceback (most recent call last):
  File "/home/airflow/.local/lib/python3.10/site-packages/airflow/models/dagbag.py", line 351, in parse
    loader.exec_module(new_module)
  File "<frozen importlib._bootstrap_external>", line 883, in exec_module
  File "<frozen importlib._bootstrap>", line 241, in _call_with_frames_removed
  File "/opt/airflow/dags/reddit_dag.py", line 29, in <module>
    python_callable=reddit_pipeline,
NameError: name 'reddit_pipeline' is not defined
[2024-05-22T12:40:15.793+0000] {processor.py:842} WARNING - No viable dags retrieved from /opt/airflow/dags/reddit_dag.py
[2024-05-22T12:40:15.892+0000] {processor.py:183} INFO - Processing /opt/airflow/dags/reddit_dag.py took 0.211 seconds
[2024-05-22T12:40:46.080+0000] {processor.py:161} INFO - Started process (PID=201) to work on /opt/airflow/dags/reddit_dag.py
[2024-05-22T12:40:46.082+0000] {processor.py:830} INFO - Processing file /opt/airflow/dags/reddit_dag.py for tasks to queue
[2024-05-22T12:40:46.084+0000] {logging_mixin.py:188} INFO - [2024-05-22T12:40:46.083+0000] {dagbag.py:545} INFO - Filling up the DagBag from /opt/airflow/dags/reddit_dag.py
[2024-05-22T12:40:46.133+0000] {logging_mixin.py:188} INFO - [2024-05-22T12:40:46.132+0000] {dagbag.py:355} ERROR - Failed to import: /opt/airflow/dags/reddit_dag.py
Traceback (most recent call last):
  File "/home/airflow/.local/lib/python3.10/site-packages/airflow/models/dagbag.py", line 351, in parse
    loader.exec_module(new_module)
  File "<frozen importlib._bootstrap_external>", line 883, in exec_module
  File "<frozen importlib._bootstrap>", line 241, in _call_with_frames_removed
  File "/opt/airflow/dags/reddit_dag.py", line 29, in <module>
    python_callable=reddit_pipeline,
NameError: name 'reddit_pipeline' is not defined
[2024-05-22T12:40:46.134+0000] {processor.py:842} WARNING - No viable dags retrieved from /opt/airflow/dags/reddit_dag.py
[2024-05-22T12:40:46.167+0000] {processor.py:183} INFO - Processing /opt/airflow/dags/reddit_dag.py took 0.129 seconds
[2024-05-22T12:41:16.193+0000] {processor.py:161} INFO - Started process (PID=202) to work on /opt/airflow/dags/reddit_dag.py
[2024-05-22T12:41:16.194+0000] {processor.py:830} INFO - Processing file /opt/airflow/dags/reddit_dag.py for tasks to queue
[2024-05-22T12:41:16.195+0000] {logging_mixin.py:188} INFO - [2024-05-22T12:41:16.194+0000] {dagbag.py:545} INFO - Filling up the DagBag from /opt/airflow/dags/reddit_dag.py
[2024-05-22T12:41:16.207+0000] {logging_mixin.py:188} INFO - [2024-05-22T12:41:16.206+0000] {dagbag.py:355} ERROR - Failed to import: /opt/airflow/dags/reddit_dag.py
Traceback (most recent call last):
  File "/home/airflow/.local/lib/python3.10/site-packages/airflow/models/dagbag.py", line 351, in parse
    loader.exec_module(new_module)
  File "<frozen importlib._bootstrap_external>", line 883, in exec_module
  File "<frozen importlib._bootstrap>", line 241, in _call_with_frames_removed
  File "/opt/airflow/dags/reddit_dag.py", line 29, in <module>
    python_callable=reddit_pipeline,
NameError: name 'reddit_pipeline' is not defined
[2024-05-22T12:41:16.207+0000] {processor.py:842} WARNING - No viable dags retrieved from /opt/airflow/dags/reddit_dag.py
[2024-05-22T12:41:16.229+0000] {processor.py:183} INFO - Processing /opt/airflow/dags/reddit_dag.py took 0.043 seconds
[2024-05-22T12:41:46.344+0000] {processor.py:161} INFO - Started process (PID=203) to work on /opt/airflow/dags/reddit_dag.py
[2024-05-22T12:41:46.346+0000] {processor.py:830} INFO - Processing file /opt/airflow/dags/reddit_dag.py for tasks to queue
[2024-05-22T12:41:46.346+0000] {logging_mixin.py:188} INFO - [2024-05-22T12:41:46.346+0000] {dagbag.py:545} INFO - Filling up the DagBag from /opt/airflow/dags/reddit_dag.py
[2024-05-22T12:41:46.356+0000] {logging_mixin.py:188} INFO - [2024-05-22T12:41:46.355+0000] {dagbag.py:355} ERROR - Failed to import: /opt/airflow/dags/reddit_dag.py
Traceback (most recent call last):
  File "/home/airflow/.local/lib/python3.10/site-packages/airflow/models/dagbag.py", line 351, in parse
    loader.exec_module(new_module)
  File "<frozen importlib._bootstrap_external>", line 883, in exec_module
  File "<frozen importlib._bootstrap>", line 241, in _call_with_frames_removed
  File "/opt/airflow/dags/reddit_dag.py", line 29, in <module>
    python_callable=reddit_pipeline,
NameError: name 'reddit_pipeline' is not defined
[2024-05-22T12:41:46.356+0000] {processor.py:842} WARNING - No viable dags retrieved from /opt/airflow/dags/reddit_dag.py
[2024-05-22T12:41:46.373+0000] {processor.py:183} INFO - Processing /opt/airflow/dags/reddit_dag.py took 0.036 seconds
[2024-05-22T12:42:16.391+0000] {processor.py:161} INFO - Started process (PID=204) to work on /opt/airflow/dags/reddit_dag.py
[2024-05-22T12:42:16.392+0000] {processor.py:830} INFO - Processing file /opt/airflow/dags/reddit_dag.py for tasks to queue
[2024-05-22T12:42:16.393+0000] {logging_mixin.py:188} INFO - [2024-05-22T12:42:16.393+0000] {dagbag.py:545} INFO - Filling up the DagBag from /opt/airflow/dags/reddit_dag.py
[2024-05-22T12:42:16.402+0000] {logging_mixin.py:188} INFO - [2024-05-22T12:42:16.402+0000] {dagbag.py:355} ERROR - Failed to import: /opt/airflow/dags/reddit_dag.py
Traceback (most recent call last):
  File "/home/airflow/.local/lib/python3.10/site-packages/airflow/models/dagbag.py", line 351, in parse
    loader.exec_module(new_module)
  File "<frozen importlib._bootstrap_external>", line 883, in exec_module
  File "<frozen importlib._bootstrap>", line 241, in _call_with_frames_removed
  File "/opt/airflow/dags/reddit_dag.py", line 29, in <module>
    python_callable=reddit_pipeline,
NameError: name 'reddit_pipeline' is not defined
[2024-05-22T12:42:16.403+0000] {processor.py:842} WARNING - No viable dags retrieved from /opt/airflow/dags/reddit_dag.py
[2024-05-22T12:42:16.421+0000] {processor.py:183} INFO - Processing /opt/airflow/dags/reddit_dag.py took 0.036 seconds
[2024-05-22T15:53:51.660+0000] {processor.py:161} INFO - Started process (PID=205) to work on /opt/airflow/dags/reddit_dag.py
[2024-05-22T15:53:51.686+0000] {processor.py:830} INFO - Processing file /opt/airflow/dags/reddit_dag.py for tasks to queue
[2024-05-22T15:53:51.687+0000] {logging_mixin.py:188} INFO - [2024-05-22T15:53:51.687+0000] {dagbag.py:545} INFO - Filling up the DagBag from /opt/airflow/dags/reddit_dag.py
[2024-05-22T15:53:51.767+0000] {logging_mixin.py:188} INFO - [2024-05-22T15:53:51.766+0000] {dagbag.py:355} ERROR - Failed to import: /opt/airflow/dags/reddit_dag.py
Traceback (most recent call last):
  File "/home/airflow/.local/lib/python3.10/site-packages/airflow/models/dagbag.py", line 351, in parse
    loader.exec_module(new_module)
  File "<frozen importlib._bootstrap_external>", line 883, in exec_module
  File "<frozen importlib._bootstrap>", line 241, in _call_with_frames_removed
  File "/opt/airflow/dags/reddit_dag.py", line 29, in <module>
    python_callable=reddit_pipeline,
NameError: name 'reddit_pipeline' is not defined
[2024-05-22T15:53:51.768+0000] {processor.py:842} WARNING - No viable dags retrieved from /opt/airflow/dags/reddit_dag.py
[2024-05-22T15:53:51.863+0000] {processor.py:183} INFO - Processing /opt/airflow/dags/reddit_dag.py took 0.275 seconds
[2024-05-22T16:11:55.549+0000] {processor.py:161} INFO - Started process (PID=206) to work on /opt/airflow/dags/reddit_dag.py
[2024-05-22T16:11:55.550+0000] {processor.py:830} INFO - Processing file /opt/airflow/dags/reddit_dag.py for tasks to queue
[2024-05-22T16:11:55.554+0000] {logging_mixin.py:188} INFO - [2024-05-22T16:11:55.553+0000] {dagbag.py:545} INFO - Filling up the DagBag from /opt/airflow/dags/reddit_dag.py
[2024-05-22T16:11:55.573+0000] {logging_mixin.py:188} INFO - [2024-05-22T16:11:55.572+0000] {dagbag.py:355} ERROR - Failed to import: /opt/airflow/dags/reddit_dag.py
Traceback (most recent call last):
  File "/home/airflow/.local/lib/python3.10/site-packages/airflow/models/dagbag.py", line 351, in parse
    loader.exec_module(new_module)
  File "<frozen importlib._bootstrap_external>", line 883, in exec_module
  File "<frozen importlib._bootstrap>", line 241, in _call_with_frames_removed
  File "/opt/airflow/dags/reddit_dag.py", line 29, in <module>
    python_callable=reddit_pipeline,
NameError: name 'reddit_pipeline' is not defined
[2024-05-22T16:11:55.574+0000] {processor.py:842} WARNING - No viable dags retrieved from /opt/airflow/dags/reddit_dag.py
[2024-05-22T16:11:55.601+0000] {processor.py:183} INFO - Processing /opt/airflow/dags/reddit_dag.py took 0.072 seconds
[2024-05-22T16:12:25.680+0000] {processor.py:161} INFO - Started process (PID=207) to work on /opt/airflow/dags/reddit_dag.py
[2024-05-22T16:12:25.683+0000] {processor.py:830} INFO - Processing file /opt/airflow/dags/reddit_dag.py for tasks to queue
[2024-05-22T16:12:25.684+0000] {logging_mixin.py:188} INFO - [2024-05-22T16:12:25.684+0000] {dagbag.py:545} INFO - Filling up the DagBag from /opt/airflow/dags/reddit_dag.py
[2024-05-22T16:12:25.705+0000] {logging_mixin.py:188} INFO - [2024-05-22T16:12:25.704+0000] {dagbag.py:355} ERROR - Failed to import: /opt/airflow/dags/reddit_dag.py
Traceback (most recent call last):
  File "/home/airflow/.local/lib/python3.10/site-packages/airflow/models/dagbag.py", line 351, in parse
    loader.exec_module(new_module)
  File "<frozen importlib._bootstrap_external>", line 883, in exec_module
  File "<frozen importlib._bootstrap>", line 241, in _call_with_frames_removed
  File "/opt/airflow/dags/reddit_dag.py", line 29, in <module>
    python_callable=reddit_pipeline,
NameError: name 'reddit_pipeline' is not defined
[2024-05-22T16:12:25.706+0000] {processor.py:842} WARNING - No viable dags retrieved from /opt/airflow/dags/reddit_dag.py
[2024-05-22T16:12:25.733+0000] {processor.py:183} INFO - Processing /opt/airflow/dags/reddit_dag.py took 0.063 seconds
[2024-05-22T16:12:55.889+0000] {processor.py:161} INFO - Started process (PID=208) to work on /opt/airflow/dags/reddit_dag.py
[2024-05-22T16:12:55.892+0000] {processor.py:830} INFO - Processing file /opt/airflow/dags/reddit_dag.py for tasks to queue
[2024-05-22T16:12:55.893+0000] {logging_mixin.py:188} INFO - [2024-05-22T16:12:55.892+0000] {dagbag.py:545} INFO - Filling up the DagBag from /opt/airflow/dags/reddit_dag.py
[2024-05-22T16:12:55.904+0000] {logging_mixin.py:188} INFO - [2024-05-22T16:12:55.904+0000] {dagbag.py:355} ERROR - Failed to import: /opt/airflow/dags/reddit_dag.py
Traceback (most recent call last):
  File "/home/airflow/.local/lib/python3.10/site-packages/airflow/models/dagbag.py", line 351, in parse
    loader.exec_module(new_module)
  File "<frozen importlib._bootstrap_external>", line 883, in exec_module
  File "<frozen importlib._bootstrap>", line 241, in _call_with_frames_removed
  File "/opt/airflow/dags/reddit_dag.py", line 29, in <module>
    python_callable=reddit_pipeline,
NameError: name 'reddit_pipeline' is not defined
[2024-05-22T16:12:55.905+0000] {processor.py:842} WARNING - No viable dags retrieved from /opt/airflow/dags/reddit_dag.py
[2024-05-22T16:12:55.924+0000] {processor.py:183} INFO - Processing /opt/airflow/dags/reddit_dag.py took 0.042 seconds
[2024-05-22T16:13:26.068+0000] {processor.py:161} INFO - Started process (PID=209) to work on /opt/airflow/dags/reddit_dag.py
[2024-05-22T16:13:26.071+0000] {processor.py:830} INFO - Processing file /opt/airflow/dags/reddit_dag.py for tasks to queue
[2024-05-22T16:13:26.071+0000] {logging_mixin.py:188} INFO - [2024-05-22T16:13:26.071+0000] {dagbag.py:545} INFO - Filling up the DagBag from /opt/airflow/dags/reddit_dag.py
[2024-05-22T16:13:26.080+0000] {logging_mixin.py:188} INFO - [2024-05-22T16:13:26.080+0000] {dagbag.py:355} ERROR - Failed to import: /opt/airflow/dags/reddit_dag.py
Traceback (most recent call last):
  File "/home/airflow/.local/lib/python3.10/site-packages/airflow/models/dagbag.py", line 351, in parse
    loader.exec_module(new_module)
  File "<frozen importlib._bootstrap_external>", line 883, in exec_module
  File "<frozen importlib._bootstrap>", line 241, in _call_with_frames_removed
  File "/opt/airflow/dags/reddit_dag.py", line 29, in <module>
    python_callable=reddit_pipeline,
NameError: name 'reddit_pipeline' is not defined
[2024-05-22T16:13:26.081+0000] {processor.py:842} WARNING - No viable dags retrieved from /opt/airflow/dags/reddit_dag.py
[2024-05-22T16:13:26.100+0000] {processor.py:183} INFO - Processing /opt/airflow/dags/reddit_dag.py took 0.037 seconds
