[2024-05-24T13:40:30.361+0000] {local_task_job_runner.py:120} INFO - ::group::Pre task execution logs
[2024-05-24T13:40:30.385+0000] {taskinstance.py:2076} INFO - Dependencies all met for dep_context=non-requeueable deps ti=<TaskInstance: etl_reddit_pipeline.s3_upload manual__2024-05-24T13:40:23.277039+00:00 [queued]>
[2024-05-24T13:40:30.395+0000] {taskinstance.py:2076} INFO - Dependencies all met for dep_context=requeueable deps ti=<TaskInstance: etl_reddit_pipeline.s3_upload manual__2024-05-24T13:40:23.277039+00:00 [queued]>
[2024-05-24T13:40:30.395+0000] {taskinstance.py:2306} INFO - Starting attempt 1 of 1
[2024-05-24T13:40:30.412+0000] {taskinstance.py:2330} INFO - Executing <Task(PythonOperator): s3_upload> on 2024-05-24 13:40:23.277039+00:00
[2024-05-24T13:40:30.420+0000] {standard_task_runner.py:63} INFO - Started process 58 to run task
[2024-05-24T13:40:30.425+0000] {standard_task_runner.py:90} INFO - Running: ['airflow', 'tasks', 'run', 'etl_reddit_pipeline', 's3_upload', 'manual__2024-05-24T13:40:23.277039+00:00', '--job-id', '26', '--raw', '--subdir', 'DAGS_FOLDER/reddit_dag.py', '--cfg-path', '/tmp/tmp9srhuybv']
[2024-05-24T13:40:30.427+0000] {standard_task_runner.py:91} INFO - Job 26: Subtask s3_upload
[2024-05-24T13:40:30.469+0000] {task_command.py:426} INFO - Running <TaskInstance: etl_reddit_pipeline.s3_upload manual__2024-05-24T13:40:23.277039+00:00 [running]> on host 8ab8618f57f2
[2024-05-24T13:40:30.552+0000] {taskinstance.py:2648} INFO - Exporting env vars: AIRFLOW_CTX_DAG_OWNER='OlivierAssiene' AIRFLOW_CTX_DAG_ID='etl_reddit_pipeline' AIRFLOW_CTX_TASK_ID='s3_upload' AIRFLOW_CTX_EXECUTION_DATE='2024-05-24T13:40:23.277039+00:00' AIRFLOW_CTX_TRY_NUMBER='1' AIRFLOW_CTX_DAG_RUN_ID='manual__2024-05-24T13:40:23.277039+00:00'
[2024-05-24T13:40:30.553+0000] {taskinstance.py:430} INFO - ::endgroup::
[2024-05-24T13:40:30.566+0000] {taskinstance.py:441} INFO - ::group::Post task execution logs
[2024-05-24T13:40:30.567+0000] {taskinstance.py:2905} ERROR - Task failed with exception
Traceback (most recent call last):
  File "/home/airflow/.local/lib/python3.10/site-packages/airflow/models/taskinstance.py", line 465, in _execute_task
    result = _execute_callable(context=context, **execute_callable_kwargs)
  File "/home/airflow/.local/lib/python3.10/site-packages/airflow/models/taskinstance.py", line 432, in _execute_callable
    return execute_callable(context=context, **execute_callable_kwargs)
  File "/home/airflow/.local/lib/python3.10/site-packages/airflow/models/baseoperator.py", line 400, in wrapper
    return func(self, *args, **kwargs)
  File "/home/airflow/.local/lib/python3.10/site-packages/airflow/operators/python.py", line 235, in execute
    return_value = self.execute_callable()
  File "/home/airflow/.local/lib/python3.10/site-packages/airflow/operators/python.py", line 252, in execute_callable
    return self.python_callable(*self.op_args, **self.op_kwargs)
  File "/opt/airflow/pipelines/aws_s3_pipeline.py", line 5, in upload_s3_pipeline
    file_path = ti.xcom_pull(task_id='reddit_extraction', key = 'return_value')
  File "/home/airflow/.local/lib/python3.10/site-packages/airflow/utils/session.py", line 79, in wrapper
    return func(*args, session=session, **kwargs)
TypeError: TaskInstance.xcom_pull() got an unexpected keyword argument 'task_id'
[2024-05-24T13:40:30.576+0000] {taskinstance.py:1206} INFO - Marking task as FAILED. dag_id=etl_reddit_pipeline, task_id=s3_upload, run_id=manual__2024-05-24T13:40:23.277039+00:00, execution_date=20240524T134023, start_date=20240524T134030, end_date=20240524T134030
[2024-05-24T13:40:30.587+0000] {standard_task_runner.py:110} ERROR - Failed to execute job 26 for task s3_upload (TaskInstance.xcom_pull() got an unexpected keyword argument 'task_id'; 58)
[2024-05-24T13:40:30.598+0000] {local_task_job_runner.py:240} INFO - Task exited with return code 1
[2024-05-24T13:40:30.611+0000] {taskinstance.py:3498} INFO - 0 downstream tasks scheduled from follow-on schedule check
[2024-05-24T13:40:30.613+0000] {local_task_job_runner.py:222} INFO - ::endgroup::
