[2024-05-23T15:20:33.532+0000] {local_task_job_runner.py:120} INFO - ::group::Pre task execution logs
[2024-05-23T15:20:33.552+0000] {taskinstance.py:2076} INFO - Dependencies all met for dep_context=non-requeueable deps ti=<TaskInstance: etl_reddit_pipeline.reddit_extraction manual__2024-05-23T15:20:32.676607+00:00 [queued]>
[2024-05-23T15:20:33.563+0000] {taskinstance.py:2076} INFO - Dependencies all met for dep_context=requeueable deps ti=<TaskInstance: etl_reddit_pipeline.reddit_extraction manual__2024-05-23T15:20:32.676607+00:00 [queued]>
[2024-05-23T15:20:33.571+0000] {taskinstance.py:2306} INFO - Starting attempt 1 of 1
[2024-05-23T15:20:33.598+0000] {taskinstance.py:2330} INFO - Executing <Task(PythonOperator): reddit_extraction> on 2024-05-23 15:20:32.676607+00:00
[2024-05-23T15:20:33.603+0000] {standard_task_runner.py:63} INFO - Started process 58 to run task
[2024-05-23T15:20:33.607+0000] {standard_task_runner.py:90} INFO - Running: ['airflow', 'tasks', 'run', 'etl_reddit_pipeline', 'reddit_extraction', 'manual__2024-05-23T15:20:32.676607+00:00', '--job-id', '7', '--raw', '--subdir', 'DAGS_FOLDER/reddit_dag.py', '--cfg-path', '/tmp/tmpi6fijg0a']
[2024-05-23T15:20:33.611+0000] {standard_task_runner.py:91} INFO - Job 7: Subtask reddit_extraction
[2024-05-23T15:20:33.677+0000] {task_command.py:426} INFO - Running <TaskInstance: etl_reddit_pipeline.reddit_extraction manual__2024-05-23T15:20:32.676607+00:00 [running]> on host f174faf60ef4
[2024-05-23T15:20:33.766+0000] {taskinstance.py:2648} INFO - Exporting env vars: AIRFLOW_CTX_DAG_OWNER='OlivierAssiene' AIRFLOW_CTX_DAG_ID='etl_reddit_pipeline' AIRFLOW_CTX_TASK_ID='reddit_extraction' AIRFLOW_CTX_EXECUTION_DATE='2024-05-23T15:20:32.676607+00:00' AIRFLOW_CTX_TRY_NUMBER='1' AIRFLOW_CTX_DAG_RUN_ID='manual__2024-05-23T15:20:32.676607+00:00'
[2024-05-23T15:20:33.766+0000] {taskinstance.py:430} INFO - ::endgroup::
[2024-05-23T15:20:33.777+0000] {logging_mixin.py:188} INFO - Hot_Tangerine3998 u2Uf6dv4hgzWjpwhk2rIQl5hqApg3A
[2024-05-23T15:20:33.781+0000] {logging_mixin.py:188} INFO - Connected successfully to Reddit!
[2024-05-23T15:20:33.782+0000] {logging_mixin.py:188} INFO - <praw.models.listing.generator.ListingGenerator object at 0x7f33c03dbbb0>
[2024-05-23T15:20:33.782+0000] {python.py:237} INFO - Done. Returned value was: None
[2024-05-23T15:20:33.783+0000] {taskinstance.py:441} INFO - ::group::Post task execution logs
[2024-05-23T15:20:33.790+0000] {taskinstance.py:1206} INFO - Marking task as SUCCESS. dag_id=etl_reddit_pipeline, task_id=reddit_extraction, run_id=manual__2024-05-23T15:20:32.676607+00:00, execution_date=20240523T152032, start_date=20240523T152033, end_date=20240523T152033
[2024-05-23T15:20:33.820+0000] {local_task_job_runner.py:240} INFO - Task exited with return code 0
[2024-05-23T15:20:33.834+0000] {taskinstance.py:3498} INFO - 0 downstream tasks scheduled from follow-on schedule check
[2024-05-23T15:20:33.836+0000] {local_task_job_runner.py:222} INFO - ::endgroup::
